<?xml version="1.0" encoding="UTF-8" ?>
<testsuites disabled="0" errors="0" failures="1" tests="1" time="5.499">
 <testsuite name="demo calculator tests" timestamp="2020-10-23T17:11:59" hostname="localhost" time="5.499" errors="0" tests="1" skipped="0" disabled="0" failures="1">
  <testcase classname="demo calculator tests" name="addition" time="5.488">
   <failure type="toEqual" message="Expected &apos;4&apos; to equal &apos;10&apos;."><![CDATA[Error: Failed expectation
    at module.exports.verifyResult (/Users/krishnabadveli/Desktop/Protractor_VisualStudio_Projects/ProtractorDemo/pages/homePage.js:28:34)
    at UserContext.<anonymous> (/Users/krishnabadveli/Desktop/Protractor_VisualStudio_Projects/ProtractorDemo/tests/calculator.js:25:18)
    at /usr/local/lib/node_modules/protractor/node_modules/jasminewd2/index.js:112:25
    at new ManagedPromise (/usr/local/lib/node_modules/protractor/node_modules/selenium-webdriver/lib/promise.js:1077:7)
    at ControlFlow.promise (/usr/local/lib/node_modules/protractor/node_modules/selenium-webdriver/lib/promise.js:2505:12)
    at schedulerExecute (/usr/local/lib/node_modules/protractor/node_modules/jasminewd2/index.js:95:18)
    at TaskQueue.execute_ (/usr/local/lib/node_modules/protractor/node_modules/selenium-webdriver/lib/promise.js:3084:14)
    at TaskQueue.executeNext_ (/usr/local/lib/node_modules/protractor/node_modules/selenium-webdriver/lib/promise.js:3067:27)
    at /usr/local/lib/node_modules/protractor/node_modules/selenium-webdriver/lib/promise.js:2927:27]]>
   </failure>
  </testcase>
 </testsuite>
</testsuites>